[2022-02-17 11:51:40,457] {manager.py:514} INFO - Processing files using up to 1 processes at a time 
[2022-02-17 11:51:40,457] {manager.py:515} INFO - Process each file at most once every 30 seconds
[2022-02-17 11:51:40,457] {manager.py:516} INFO - Checking for new files in /Users/aidenta/Documents/SF-greenhouse-gas-tracker/dags every 300 seconds
[2022-02-17 11:51:40,457] {manager.py:663} INFO - Searching for files in /Users/aidenta/Documents/SF-greenhouse-gas-tracker/dags
[2022-02-17 11:51:40,469] {manager.py:666} INFO - There are 32 files in /Users/aidenta/Documents/SF-greenhouse-gas-tracker/dags
[2022-02-17 11:51:40,567] {manager.py:1065} INFO - Finding 'running' jobs without a recent heartbeat
[2022-02-17 11:51:40,567] {manager.py:1069} INFO - Failing jobs without heartbeat after 2022-02-17 10:46:40.567183+00:00
[2022-02-17 11:51:52,013] {manager.py:1065} INFO - Finding 'running' jobs without a recent heartbeat
[2022-02-17 11:51:52,014] {manager.py:1069} INFO - Failing jobs without heartbeat after 2022-02-17 10:46:52.014415+00:00
[2022-02-17 11:52:03,405] {manager.py:1065} INFO - Finding 'running' jobs without a recent heartbeat
[2022-02-17 11:52:03,406] {manager.py:1069} INFO - Failing jobs without heartbeat after 2022-02-17 10:47:03.406087+00:00
[2022-02-17 11:52:10,978] {manager.py:784} INFO - 
================================================================================
DAG File Processing Stats

File Path                                                                                                                                                               PID    Runtime      # DAGs    # Errors  Last Runtime    Last Run
----------------------------------------------------------------------------------------------------------------------------------------------------------------------  -----  ---------  --------  ----------  --------------  -------------------
/Users/aidenta/.local/share/virtualenvs/SF-greenhouse-gas-tracker-k6yjrpOB/lib/python3.9/site-packages/airflow/example_dags/example_latest_only.py                                               0           0
/Users/aidenta/.local/share/virtualenvs/SF-greenhouse-gas-tracker-k6yjrpOB/lib/python3.9/site-packages/airflow/example_dags/example_complex.py                                                   0           0
/Users/aidenta/.local/share/virtualenvs/SF-greenhouse-gas-tracker-k6yjrpOB/lib/python3.9/site-packages/airflow/example_dags/example_python_operator.py                                           0           0
/Users/aidenta/.local/share/virtualenvs/SF-greenhouse-gas-tracker-k6yjrpOB/lib/python3.9/site-packages/airflow/example_dags/example_external_task_marker_dag.py                                  0           0
/Users/aidenta/.local/share/virtualenvs/SF-greenhouse-gas-tracker-k6yjrpOB/lib/python3.9/site-packages/airflow/example_dags/example_bash_operator.py                                             0           0
/Users/aidenta/.local/share/virtualenvs/SF-greenhouse-gas-tracker-k6yjrpOB/lib/python3.9/site-packages/airflow/example_dags/example_short_circuit_operator.py                                    0           0
/Users/aidenta/.local/share/virtualenvs/SF-greenhouse-gas-tracker-k6yjrpOB/lib/python3.9/site-packages/airflow/example_dags/example_branch_operator.py                                           0           0
/Users/aidenta/.local/share/virtualenvs/SF-greenhouse-gas-tracker-k6yjrpOB/lib/python3.9/site-packages/airflow/example_dags/example_branch_labels.py                                             0           0
/Users/aidenta/.local/share/virtualenvs/SF-greenhouse-gas-tracker-k6yjrpOB/lib/python3.9/site-packages/airflow/example_dags/example_sla_dag.py                                                   0           0
/Users/aidenta/.local/share/virtualenvs/SF-greenhouse-gas-tracker-k6yjrpOB/lib/python3.9/site-packages/airflow/example_dags/example_passing_params_via_test_command.py                           0           0
/Users/aidenta/.local/share/virtualenvs/SF-greenhouse-gas-tracker-k6yjrpOB/lib/python3.9/site-packages/airflow/example_dags/example_latest_only_with_trigger.py                                  0           0
/Users/aidenta/.local/share/virtualenvs/SF-greenhouse-gas-tracker-k6yjrpOB/lib/python3.9/site-packages/airflow/example_dags/example_dag_decorator.py                                             0           0
/Users/aidenta/.local/share/virtualenvs/SF-greenhouse-gas-tracker-k6yjrpOB/lib/python3.9/site-packages/airflow/example_dags/example_branch_day_of_week_operator.py                               0           0
/Users/aidenta/.local/share/virtualenvs/SF-greenhouse-gas-tracker-k6yjrpOB/lib/python3.9/site-packages/airflow/example_dags/example_skip_dag.py                                                  0           0
/Users/aidenta/.local/share/virtualenvs/SF-greenhouse-gas-tracker-k6yjrpOB/lib/python3.9/site-packages/airflow/example_dags/example_kubernetes_executor.py                                       0           0
/Users/aidenta/.local/share/virtualenvs/SF-greenhouse-gas-tracker-k6yjrpOB/lib/python3.9/site-packages/airflow/example_dags/example_branch_python_dop_operator_3.py                              0           0
/Users/aidenta/.local/share/virtualenvs/SF-greenhouse-gas-tracker-k6yjrpOB/lib/python3.9/site-packages/airflow/example_dags/example_branch_datetime_operator.py                                  0           0
/Users/aidenta/.local/share/virtualenvs/SF-greenhouse-gas-tracker-k6yjrpOB/lib/python3.9/site-packages/airflow/example_dags/example_nested_branch_dag.py                                         0           0
/Users/aidenta/.local/share/virtualenvs/SF-greenhouse-gas-tracker-k6yjrpOB/lib/python3.9/site-packages/airflow/example_dags/plugins/workday.py                                                   0           0  1.14s           2022-02-17T10:51:43
/Users/aidenta/.local/share/virtualenvs/SF-greenhouse-gas-tracker-k6yjrpOB/lib/python3.9/site-packages/airflow/example_dags/subdags/subdag.py                                                    0           0  1.17s           2022-02-17T10:51:41
/Users/aidenta/.local/share/virtualenvs/SF-greenhouse-gas-tracker-k6yjrpOB/lib/python3.9/site-packages/airflow/example_dags/example_task_group_decorator.py                                      1           0  1.52s           2022-02-17T10:52:07
/Users/aidenta/.local/share/virtualenvs/SF-greenhouse-gas-tracker-k6yjrpOB/lib/python3.9/site-packages/airflow/example_dags/tutorial_taskflow_api_etl.py                                         1           0  1.67s           2022-02-17T10:51:48
/Users/aidenta/.local/share/virtualenvs/SF-greenhouse-gas-tracker-k6yjrpOB/lib/python3.9/site-packages/airflow/example_dags/tutorial_etl_dag.py                                                  1           0  1.32s           2022-02-17T10:51:50
/Users/aidenta/.local/share/virtualenvs/SF-greenhouse-gas-tracker-k6yjrpOB/lib/python3.9/site-packages/airflow/example_dags/example_task_group.py                                                1           0  1.25s           2022-02-17T10:52:08
/Users/aidenta/.local/share/virtualenvs/SF-greenhouse-gas-tracker-k6yjrpOB/lib/python3.9/site-packages/airflow/example_dags/tutorial_taskflow_api_etl_virtualenv.py                              1           0  1.51s           2022-02-17T10:51:45
/Users/aidenta/.local/share/virtualenvs/SF-greenhouse-gas-tracker-k6yjrpOB/lib/python3.9/site-packages/airflow/example_dags/tutorial.py                                                          1           0  1.36s           2022-02-17T10:51:53
/Users/aidenta/.local/share/virtualenvs/SF-greenhouse-gas-tracker-k6yjrpOB/lib/python3.9/site-packages/airflow/example_dags/example_time_delta_sensor_async.py                                   1           0  1.26s           2022-02-17T10:52:04
/Users/aidenta/.local/share/virtualenvs/SF-greenhouse-gas-tracker-k6yjrpOB/lib/python3.9/site-packages/airflow/example_dags/example_xcom.py                                                      1           0  1.59s           2022-02-17T10:51:58
/Users/aidenta/.local/share/virtualenvs/SF-greenhouse-gas-tracker-k6yjrpOB/lib/python3.9/site-packages/airflow/example_dags/example_trigger_target_dag.py                                        1           0  1.28s           2022-02-17T10:52:01
/Users/aidenta/.local/share/virtualenvs/SF-greenhouse-gas-tracker-k6yjrpOB/lib/python3.9/site-packages/airflow/example_dags/example_trigger_controller_dag.py                                    1           0  1.25s           2022-02-17T10:52:02
/Users/aidenta/.local/share/virtualenvs/SF-greenhouse-gas-tracker-k6yjrpOB/lib/python3.9/site-packages/airflow/example_dags/example_xcomargs.py                                                  2           0  1.67s           2022-02-17T10:51:56
/Users/aidenta/.local/share/virtualenvs/SF-greenhouse-gas-tracker-k6yjrpOB/lib/python3.9/site-packages/airflow/example_dags/example_subdag_operator.py                                           3           0  1.27s           2022-02-17T10:52:10
================================================================================
[2022-02-17 11:52:13,544] {manager.py:1065} INFO - Finding 'running' jobs without a recent heartbeat
[2022-02-17 11:52:13,545] {manager.py:1069} INFO - Failing jobs without heartbeat after 2022-02-17 10:47:13.545523+00:00
[2022-02-17 11:52:25,068] {manager.py:1065} INFO - Finding 'running' jobs without a recent heartbeat
[2022-02-17 11:52:25,068] {manager.py:1069} INFO - Failing jobs without heartbeat after 2022-02-17 10:47:25.068648+00:00
[2022-02-17 11:52:36,882] {manager.py:1065} INFO - Finding 'running' jobs without a recent heartbeat
[2022-02-17 11:52:36,882] {manager.py:1069} INFO - Failing jobs without heartbeat after 2022-02-17 10:47:36.882914+00:00
[2022-02-17 11:52:43,144] {manager.py:784} INFO - 
================================================================================
DAG File Processing Stats

File Path                                                                                                                                                               PID    Runtime      # DAGs    # Errors  Last Runtime    Last Run
----------------------------------------------------------------------------------------------------------------------------------------------------------------------  -----  ---------  --------  ----------  --------------  -------------------
/Users/aidenta/.local/share/virtualenvs/SF-greenhouse-gas-tracker-k6yjrpOB/lib/python3.9/site-packages/airflow/example_dags/example_bash_operator.py                                             0           0
/Users/aidenta/.local/share/virtualenvs/SF-greenhouse-gas-tracker-k6yjrpOB/lib/python3.9/site-packages/airflow/example_dags/example_branch_labels.py                                             0           0
/Users/aidenta/.local/share/virtualenvs/SF-greenhouse-gas-tracker-k6yjrpOB/lib/python3.9/site-packages/airflow/example_dags/example_branch_day_of_week_operator.py                               0           0
/Users/aidenta/.local/share/virtualenvs/SF-greenhouse-gas-tracker-k6yjrpOB/lib/python3.9/site-packages/airflow/example_dags/example_kubernetes_executor.py                                       0           0  1.27s           2022-02-17T10:52:31
/Users/aidenta/.local/share/virtualenvs/SF-greenhouse-gas-tracker-k6yjrpOB/lib/python3.9/site-packages/airflow/example_dags/example_branch_datetime_operator.py                                  0           0
/Users/aidenta/.local/share/virtualenvs/SF-greenhouse-gas-tracker-k6yjrpOB/lib/python3.9/site-packages/airflow/example_dags/plugins/workday.py                                                   0           0  1.14s           2022-02-17T10:51:43
/Users/aidenta/.local/share/virtualenvs/SF-greenhouse-gas-tracker-k6yjrpOB/lib/python3.9/site-packages/airflow/example_dags/subdags/subdag.py                                                    0           0  1.17s           2022-02-17T10:51:41
/Users/aidenta/.local/share/virtualenvs/SF-greenhouse-gas-tracker-k6yjrpOB/lib/python3.9/site-packages/airflow/example_dags/example_latest_only.py                                               1           0  1.34s           2022-02-17T10:52:28
/Users/aidenta/.local/share/virtualenvs/SF-greenhouse-gas-tracker-k6yjrpOB/lib/python3.9/site-packages/airflow/example_dags/example_task_group_decorator.py                                      1           0  1.52s           2022-02-17T10:52:07
/Users/aidenta/.local/share/virtualenvs/SF-greenhouse-gas-tracker-k6yjrpOB/lib/python3.9/site-packages/airflow/example_dags/example_complex.py                                                   1           0  1.44s           2022-02-17T10:52:38
/Users/aidenta/.local/share/virtualenvs/SF-greenhouse-gas-tracker-k6yjrpOB/lib/python3.9/site-packages/airflow/example_dags/example_python_operator.py                                           1           0  1.35s           2022-02-17T10:52:19
/Users/aidenta/.local/share/virtualenvs/SF-greenhouse-gas-tracker-k6yjrpOB/lib/python3.9/site-packages/airflow/example_dags/tutorial_taskflow_api_etl.py                                         1           0  1.67s           2022-02-17T10:51:48
/Users/aidenta/.local/share/virtualenvs/SF-greenhouse-gas-tracker-k6yjrpOB/lib/python3.9/site-packages/airflow/example_dags/example_short_circuit_operator.py                                    1           0  1.34s           2022-02-17T10:52:17
/Users/aidenta/.local/share/virtualenvs/SF-greenhouse-gas-tracker-k6yjrpOB/lib/python3.9/site-packages/airflow/example_dags/example_branch_operator.py                                           1           0  1.32s           2022-02-17T10:52:43
/Users/aidenta/.local/share/virtualenvs/SF-greenhouse-gas-tracker-k6yjrpOB/lib/python3.9/site-packages/airflow/example_dags/tutorial_etl_dag.py                                                  1           0  1.32s           2022-02-17T10:51:50
/Users/aidenta/.local/share/virtualenvs/SF-greenhouse-gas-tracker-k6yjrpOB/lib/python3.9/site-packages/airflow/example_dags/example_task_group.py                                                1           0  1.25s           2022-02-17T10:52:08
/Users/aidenta/.local/share/virtualenvs/SF-greenhouse-gas-tracker-k6yjrpOB/lib/python3.9/site-packages/airflow/example_dags/tutorial_taskflow_api_etl_virtualenv.py                              1           0  1.51s           2022-02-17T10:51:45
/Users/aidenta/.local/share/virtualenvs/SF-greenhouse-gas-tracker-k6yjrpOB/lib/python3.9/site-packages/airflow/example_dags/tutorial.py                                                          1           0  1.36s           2022-02-17T10:51:53
/Users/aidenta/.local/share/virtualenvs/SF-greenhouse-gas-tracker-k6yjrpOB/lib/python3.9/site-packages/airflow/example_dags/example_sla_dag.py                                                   1           0  1.39s           2022-02-17T10:52:12
/Users/aidenta/.local/share/virtualenvs/SF-greenhouse-gas-tracker-k6yjrpOB/lib/python3.9/site-packages/airflow/example_dags/example_passing_params_via_test_command.py                           1           0  1.37s           2022-02-17T10:52:21
/Users/aidenta/.local/share/virtualenvs/SF-greenhouse-gas-tracker-k6yjrpOB/lib/python3.9/site-packages/airflow/example_dags/example_latest_only_with_trigger.py                                  1           0  1.44s           2022-02-17T10:52:26
/Users/aidenta/.local/share/virtualenvs/SF-greenhouse-gas-tracker-k6yjrpOB/lib/python3.9/site-packages/airflow/example_dags/example_time_delta_sensor_async.py                                   1           0  1.26s           2022-02-17T10:52:04
/Users/aidenta/.local/share/virtualenvs/SF-greenhouse-gas-tracker-k6yjrpOB/lib/python3.9/site-packages/airflow/example_dags/example_dag_decorator.py                                             1           0  1.64s           2022-02-17T10:52:35
/Users/aidenta/.local/share/virtualenvs/SF-greenhouse-gas-tracker-k6yjrpOB/lib/python3.9/site-packages/airflow/example_dags/example_xcom.py                                                      1           0  1.59s           2022-02-17T10:51:58
/Users/aidenta/.local/share/virtualenvs/SF-greenhouse-gas-tracker-k6yjrpOB/lib/python3.9/site-packages/airflow/example_dags/example_skip_dag.py                                                  1           0  1.31s           2022-02-17T10:52:14
/Users/aidenta/.local/share/virtualenvs/SF-greenhouse-gas-tracker-k6yjrpOB/lib/python3.9/site-packages/airflow/example_dags/example_trigger_target_dag.py                                        1           0  1.28s           2022-02-17T10:52:01
/Users/aidenta/.local/share/virtualenvs/SF-greenhouse-gas-tracker-k6yjrpOB/lib/python3.9/site-packages/airflow/example_dags/example_branch_python_dop_operator_3.py                              1           0  1.40s           2022-02-17T10:52:40
/Users/aidenta/.local/share/virtualenvs/SF-greenhouse-gas-tracker-k6yjrpOB/lib/python3.9/site-packages/airflow/example_dags/example_nested_branch_dag.py                                         1           0  1.70s           2022-02-17T10:52:24
/Users/aidenta/.local/share/virtualenvs/SF-greenhouse-gas-tracker-k6yjrpOB/lib/python3.9/site-packages/airflow/example_dags/example_trigger_controller_dag.py                                    1           0  1.25s           2022-02-17T10:52:02
/Users/aidenta/.local/share/virtualenvs/SF-greenhouse-gas-tracker-k6yjrpOB/lib/python3.9/site-packages/airflow/example_dags/example_external_task_marker_dag.py                                  2           0  1.59s           2022-02-17T10:52:33
/Users/aidenta/.local/share/virtualenvs/SF-greenhouse-gas-tracker-k6yjrpOB/lib/python3.9/site-packages/airflow/example_dags/example_xcomargs.py                                                  2           0  1.67s           2022-02-17T10:51:56
/Users/aidenta/.local/share/virtualenvs/SF-greenhouse-gas-tracker-k6yjrpOB/lib/python3.9/site-packages/airflow/example_dags/example_subdag_operator.py                                           3           0  1.27s           2022-02-17T10:52:10
================================================================================
[2022-02-17 11:52:48,004] {manager.py:1065} INFO - Finding 'running' jobs without a recent heartbeat
[2022-02-17 11:52:48,005] {manager.py:1069} INFO - Failing jobs without heartbeat after 2022-02-17 10:47:48.005701+00:00
[2022-02-17 11:52:58,678] {manager.py:1065} INFO - Finding 'running' jobs without a recent heartbeat
[2022-02-17 11:52:58,691] {manager.py:1069} INFO - Failing jobs without heartbeat after 2022-02-17 10:47:58.691143+00:00
[2022-02-17 11:53:10,083] {manager.py:1065} INFO - Finding 'running' jobs without a recent heartbeat
[2022-02-17 11:53:10,084] {manager.py:1069} INFO - Failing jobs without heartbeat after 2022-02-17 10:48:10.084367+00:00
[2022-02-17 11:53:13,661] {manager.py:784} INFO - 
================================================================================
DAG File Processing Stats

File Path                                                                                                                                                               PID    Runtime      # DAGs    # Errors  Last Runtime    Last Run
----------------------------------------------------------------------------------------------------------------------------------------------------------------------  -----  ---------  --------  ----------  --------------  -------------------
/Users/aidenta/.local/share/virtualenvs/SF-greenhouse-gas-tracker-k6yjrpOB/lib/python3.9/site-packages/airflow/example_dags/example_kubernetes_executor.py                                       0           0  1.27s           2022-02-17T10:52:31
/Users/aidenta/.local/share/virtualenvs/SF-greenhouse-gas-tracker-k6yjrpOB/lib/python3.9/site-packages/airflow/example_dags/plugins/workday.py                                                   0           0  1.21s           2022-02-17T10:52:55
/Users/aidenta/.local/share/virtualenvs/SF-greenhouse-gas-tracker-k6yjrpOB/lib/python3.9/site-packages/airflow/example_dags/subdags/subdag.py                                                    0           0  1.22s           2022-02-17T10:52:53
/Users/aidenta/.local/share/virtualenvs/SF-greenhouse-gas-tracker-k6yjrpOB/lib/python3.9/site-packages/airflow/example_dags/example_latest_only.py                                               1           0  1.34s           2022-02-17T10:52:28
/Users/aidenta/.local/share/virtualenvs/SF-greenhouse-gas-tracker-k6yjrpOB/lib/python3.9/site-packages/airflow/example_dags/example_task_group_decorator.py                                      1           0  1.52s           2022-02-17T10:52:07
/Users/aidenta/.local/share/virtualenvs/SF-greenhouse-gas-tracker-k6yjrpOB/lib/python3.9/site-packages/airflow/example_dags/example_complex.py                                                   1           0  1.44s           2022-02-17T10:52:38
/Users/aidenta/.local/share/virtualenvs/SF-greenhouse-gas-tracker-k6yjrpOB/lib/python3.9/site-packages/airflow/example_dags/example_python_operator.py                                           1           0  1.35s           2022-02-17T10:52:19
/Users/aidenta/.local/share/virtualenvs/SF-greenhouse-gas-tracker-k6yjrpOB/lib/python3.9/site-packages/airflow/example_dags/tutorial_taskflow_api_etl.py                                         1           0  1.54s           2022-02-17T10:53:00
/Users/aidenta/.local/share/virtualenvs/SF-greenhouse-gas-tracker-k6yjrpOB/lib/python3.9/site-packages/airflow/example_dags/example_bash_operator.py                                             1           0  1.29s           2022-02-17T10:52:50
/Users/aidenta/.local/share/virtualenvs/SF-greenhouse-gas-tracker-k6yjrpOB/lib/python3.9/site-packages/airflow/example_dags/example_short_circuit_operator.py                                    1           0  1.34s           2022-02-17T10:52:17
/Users/aidenta/.local/share/virtualenvs/SF-greenhouse-gas-tracker-k6yjrpOB/lib/python3.9/site-packages/airflow/example_dags/example_branch_operator.py                                           1           0  1.32s           2022-02-17T10:52:43
/Users/aidenta/.local/share/virtualenvs/SF-greenhouse-gas-tracker-k6yjrpOB/lib/python3.9/site-packages/airflow/example_dags/tutorial_etl_dag.py                                                  1           0  1.24s           2022-02-17T10:53:02
/Users/aidenta/.local/share/virtualenvs/SF-greenhouse-gas-tracker-k6yjrpOB/lib/python3.9/site-packages/airflow/example_dags/example_branch_labels.py                                             1           0  1.26s           2022-02-17T10:52:44
/Users/aidenta/.local/share/virtualenvs/SF-greenhouse-gas-tracker-k6yjrpOB/lib/python3.9/site-packages/airflow/example_dags/example_task_group.py                                                1           0  1.25s           2022-02-17T10:52:08
/Users/aidenta/.local/share/virtualenvs/SF-greenhouse-gas-tracker-k6yjrpOB/lib/python3.9/site-packages/airflow/example_dags/tutorial_taskflow_api_etl_virtualenv.py                              1           0  1.60s           2022-02-17T10:52:57
/Users/aidenta/.local/share/virtualenvs/SF-greenhouse-gas-tracker-k6yjrpOB/lib/python3.9/site-packages/airflow/example_dags/tutorial.py                                                          1           0  1.22s           2022-02-17T10:53:03
/Users/aidenta/.local/share/virtualenvs/SF-greenhouse-gas-tracker-k6yjrpOB/lib/python3.9/site-packages/airflow/example_dags/example_sla_dag.py                                                   1           0  1.39s           2022-02-17T10:52:12
/Users/aidenta/.local/share/virtualenvs/SF-greenhouse-gas-tracker-k6yjrpOB/lib/python3.9/site-packages/airflow/example_dags/example_passing_params_via_test_command.py                           1           0  1.37s           2022-02-17T10:52:21
/Users/aidenta/.local/share/virtualenvs/SF-greenhouse-gas-tracker-k6yjrpOB/lib/python3.9/site-packages/airflow/example_dags/example_latest_only_with_trigger.py                                  1           0  1.44s           2022-02-17T10:52:26
/Users/aidenta/.local/share/virtualenvs/SF-greenhouse-gas-tracker-k6yjrpOB/lib/python3.9/site-packages/airflow/example_dags/example_time_delta_sensor_async.py                                   1           0  1.26s           2022-02-17T10:52:04
/Users/aidenta/.local/share/virtualenvs/SF-greenhouse-gas-tracker-k6yjrpOB/lib/python3.9/site-packages/airflow/example_dags/example_dag_decorator.py                                             1           0  1.64s           2022-02-17T10:52:35
/Users/aidenta/.local/share/virtualenvs/SF-greenhouse-gas-tracker-k6yjrpOB/lib/python3.9/site-packages/airflow/example_dags/example_xcom.py                                                      1           0  1.52s           2022-02-17T10:53:09
/Users/aidenta/.local/share/virtualenvs/SF-greenhouse-gas-tracker-k6yjrpOB/lib/python3.9/site-packages/airflow/example_dags/example_branch_day_of_week_operator.py                               1           0  1.28s           2022-02-17T10:52:46
/Users/aidenta/.local/share/virtualenvs/SF-greenhouse-gas-tracker-k6yjrpOB/lib/python3.9/site-packages/airflow/example_dags/example_skip_dag.py                                                  1           0  1.31s           2022-02-17T10:52:14
/Users/aidenta/.local/share/virtualenvs/SF-greenhouse-gas-tracker-k6yjrpOB/lib/python3.9/site-packages/airflow/example_dags/example_trigger_target_dag.py                                        1           0  1.25s           2022-02-17T10:53:11
/Users/aidenta/.local/share/virtualenvs/SF-greenhouse-gas-tracker-k6yjrpOB/lib/python3.9/site-packages/airflow/example_dags/example_branch_python_dop_operator_3.py                              1           0  1.40s           2022-02-17T10:52:40
/Users/aidenta/.local/share/virtualenvs/SF-greenhouse-gas-tracker-k6yjrpOB/lib/python3.9/site-packages/airflow/example_dags/example_branch_datetime_operator.py                                  1           0  1.23s           2022-02-17T10:52:49
/Users/aidenta/.local/share/virtualenvs/SF-greenhouse-gas-tracker-k6yjrpOB/lib/python3.9/site-packages/airflow/example_dags/example_nested_branch_dag.py                                         1           0  1.70s           2022-02-17T10:52:24
/Users/aidenta/.local/share/virtualenvs/SF-greenhouse-gas-tracker-k6yjrpOB/lib/python3.9/site-packages/airflow/example_dags/example_trigger_controller_dag.py                                    1           0  1.28s           2022-02-17T10:53:13
/Users/aidenta/.local/share/virtualenvs/SF-greenhouse-gas-tracker-k6yjrpOB/lib/python3.9/site-packages/airflow/example_dags/example_external_task_marker_dag.py                                  2           0  1.59s           2022-02-17T10:52:33
/Users/aidenta/.local/share/virtualenvs/SF-greenhouse-gas-tracker-k6yjrpOB/lib/python3.9/site-packages/airflow/example_dags/example_xcomargs.py                                                  2           0  1.53s           2022-02-17T10:53:06
/Users/aidenta/.local/share/virtualenvs/SF-greenhouse-gas-tracker-k6yjrpOB/lib/python3.9/site-packages/airflow/example_dags/example_subdag_operator.py                                           3           0  1.27s           2022-02-17T10:52:10
================================================================================
[2022-02-17 11:53:21,738] {manager.py:1065} INFO - Finding 'running' jobs without a recent heartbeat
[2022-02-17 11:53:21,739] {manager.py:1069} INFO - Failing jobs without heartbeat after 2022-02-17 10:48:21.739300+00:00
[2022-02-17 11:53:32,262] {manager.py:1065} INFO - Finding 'running' jobs without a recent heartbeat
[2022-02-17 11:53:32,263] {manager.py:1069} INFO - Failing jobs without heartbeat after 2022-02-17 10:48:32.263485+00:00
[2022-02-17 11:53:43,935] {manager.py:1065} INFO - Finding 'running' jobs without a recent heartbeat
[2022-02-17 11:53:43,936] {manager.py:1069} INFO - Failing jobs without heartbeat after 2022-02-17 10:48:43.936242+00:00
[2022-02-17 11:53:45,592] {manager.py:784} INFO - 
================================================================================
DAG File Processing Stats

File Path                                                                                                                                                               PID    Runtime      # DAGs    # Errors  Last Runtime    Last Run
----------------------------------------------------------------------------------------------------------------------------------------------------------------------  -----  ---------  --------  ----------  --------------  -------------------
/Users/aidenta/.local/share/virtualenvs/SF-greenhouse-gas-tracker-k6yjrpOB/lib/python3.9/site-packages/airflow/example_dags/example_kubernetes_executor.py                                       0           0  1.27s           2022-02-17T10:52:31
/Users/aidenta/.local/share/virtualenvs/SF-greenhouse-gas-tracker-k6yjrpOB/lib/python3.9/site-packages/airflow/example_dags/plugins/workday.py                                                   0           0  1.14s           2022-02-17T10:53:38
/Users/aidenta/.local/share/virtualenvs/SF-greenhouse-gas-tracker-k6yjrpOB/lib/python3.9/site-packages/airflow/example_dags/subdags/subdag.py                                                    0           0  1.24s           2022-02-17T10:53:35
/Users/aidenta/.local/share/virtualenvs/SF-greenhouse-gas-tracker-k6yjrpOB/lib/python3.9/site-packages/airflow/example_dags/example_latest_only.py                                               1           0  1.34s           2022-02-17T10:52:28
/Users/aidenta/.local/share/virtualenvs/SF-greenhouse-gas-tracker-k6yjrpOB/lib/python3.9/site-packages/airflow/example_dags/example_task_group_decorator.py                                      1           0  1.75s           2022-02-17T10:53:18
/Users/aidenta/.local/share/virtualenvs/SF-greenhouse-gas-tracker-k6yjrpOB/lib/python3.9/site-packages/airflow/example_dags/example_complex.py                                                   1           0  1.44s           2022-02-17T10:52:38
/Users/aidenta/.local/share/virtualenvs/SF-greenhouse-gas-tracker-k6yjrpOB/lib/python3.9/site-packages/airflow/example_dags/example_python_operator.py                                           1           0  1.31s           2022-02-17T10:53:31
/Users/aidenta/.local/share/virtualenvs/SF-greenhouse-gas-tracker-k6yjrpOB/lib/python3.9/site-packages/airflow/example_dags/tutorial_taskflow_api_etl.py                                         1           0  1.70s           2022-02-17T10:53:42
/Users/aidenta/.local/share/virtualenvs/SF-greenhouse-gas-tracker-k6yjrpOB/lib/python3.9/site-packages/airflow/example_dags/example_bash_operator.py                                             1           0  1.29s           2022-02-17T10:52:50
/Users/aidenta/.local/share/virtualenvs/SF-greenhouse-gas-tracker-k6yjrpOB/lib/python3.9/site-packages/airflow/example_dags/example_short_circuit_operator.py                                    1           0  1.25s           2022-02-17T10:53:29
/Users/aidenta/.local/share/virtualenvs/SF-greenhouse-gas-tracker-k6yjrpOB/lib/python3.9/site-packages/airflow/example_dags/example_branch_operator.py                                           1           0  1.32s           2022-02-17T10:52:43
/Users/aidenta/.local/share/virtualenvs/SF-greenhouse-gas-tracker-k6yjrpOB/lib/python3.9/site-packages/airflow/example_dags/tutorial_etl_dag.py                                                  1           0  1.64s           2022-02-17T10:53:45
/Users/aidenta/.local/share/virtualenvs/SF-greenhouse-gas-tracker-k6yjrpOB/lib/python3.9/site-packages/airflow/example_dags/example_branch_labels.py                                             1           0  1.26s           2022-02-17T10:52:44
/Users/aidenta/.local/share/virtualenvs/SF-greenhouse-gas-tracker-k6yjrpOB/lib/python3.9/site-packages/airflow/example_dags/example_task_group.py                                                1           0  1.50s           2022-02-17T10:53:20
/Users/aidenta/.local/share/virtualenvs/SF-greenhouse-gas-tracker-k6yjrpOB/lib/python3.9/site-packages/airflow/example_dags/tutorial_taskflow_api_etl_virtualenv.py                              1           0  1.52s           2022-02-17T10:53:40
/Users/aidenta/.local/share/virtualenvs/SF-greenhouse-gas-tracker-k6yjrpOB/lib/python3.9/site-packages/airflow/example_dags/tutorial.py                                                          1           0  1.22s           2022-02-17T10:53:03
/Users/aidenta/.local/share/virtualenvs/SF-greenhouse-gas-tracker-k6yjrpOB/lib/python3.9/site-packages/airflow/example_dags/example_sla_dag.py                                                   1           0  1.35s           2022-02-17T10:53:25
/Users/aidenta/.local/share/virtualenvs/SF-greenhouse-gas-tracker-k6yjrpOB/lib/python3.9/site-packages/airflow/example_dags/example_passing_params_via_test_command.py                           1           0  1.32s           2022-02-17T10:53:33
/Users/aidenta/.local/share/virtualenvs/SF-greenhouse-gas-tracker-k6yjrpOB/lib/python3.9/site-packages/airflow/example_dags/example_latest_only_with_trigger.py                                  1           0  1.44s           2022-02-17T10:52:26
/Users/aidenta/.local/share/virtualenvs/SF-greenhouse-gas-tracker-k6yjrpOB/lib/python3.9/site-packages/airflow/example_dags/example_time_delta_sensor_async.py                                   1           0  1.27s           2022-02-17T10:53:15
/Users/aidenta/.local/share/virtualenvs/SF-greenhouse-gas-tracker-k6yjrpOB/lib/python3.9/site-packages/airflow/example_dags/example_dag_decorator.py                                             1           0  1.64s           2022-02-17T10:52:35
/Users/aidenta/.local/share/virtualenvs/SF-greenhouse-gas-tracker-k6yjrpOB/lib/python3.9/site-packages/airflow/example_dags/example_xcom.py                                                      1           0  1.52s           2022-02-17T10:53:09
/Users/aidenta/.local/share/virtualenvs/SF-greenhouse-gas-tracker-k6yjrpOB/lib/python3.9/site-packages/airflow/example_dags/example_branch_day_of_week_operator.py                               1           0  1.28s           2022-02-17T10:52:46
/Users/aidenta/.local/share/virtualenvs/SF-greenhouse-gas-tracker-k6yjrpOB/lib/python3.9/site-packages/airflow/example_dags/example_skip_dag.py                                                  1           0  1.47s           2022-02-17T10:53:27
/Users/aidenta/.local/share/virtualenvs/SF-greenhouse-gas-tracker-k6yjrpOB/lib/python3.9/site-packages/airflow/example_dags/example_trigger_target_dag.py                                        1           0  1.25s           2022-02-17T10:53:11
/Users/aidenta/.local/share/virtualenvs/SF-greenhouse-gas-tracker-k6yjrpOB/lib/python3.9/site-packages/airflow/example_dags/example_branch_python_dop_operator_3.py                              1           0  1.40s           2022-02-17T10:52:40
/Users/aidenta/.local/share/virtualenvs/SF-greenhouse-gas-tracker-k6yjrpOB/lib/python3.9/site-packages/airflow/example_dags/example_branch_datetime_operator.py                                  1           0  1.23s           2022-02-17T10:52:49
/Users/aidenta/.local/share/virtualenvs/SF-greenhouse-gas-tracker-k6yjrpOB/lib/python3.9/site-packages/airflow/example_dags/example_nested_branch_dag.py                                         1           0  1.70s           2022-02-17T10:52:24
/Users/aidenta/.local/share/virtualenvs/SF-greenhouse-gas-tracker-k6yjrpOB/lib/python3.9/site-packages/airflow/example_dags/example_trigger_controller_dag.py                                    1           0  1.28s           2022-02-17T10:53:13
/Users/aidenta/.local/share/virtualenvs/SF-greenhouse-gas-tracker-k6yjrpOB/lib/python3.9/site-packages/airflow/example_dags/example_external_task_marker_dag.py                                  2           0  1.59s           2022-02-17T10:52:33
/Users/aidenta/.local/share/virtualenvs/SF-greenhouse-gas-tracker-k6yjrpOB/lib/python3.9/site-packages/airflow/example_dags/example_xcomargs.py                                                  2           0  1.53s           2022-02-17T10:53:06
/Users/aidenta/.local/share/virtualenvs/SF-greenhouse-gas-tracker-k6yjrpOB/lib/python3.9/site-packages/airflow/example_dags/example_subdag_operator.py                                           3           0  1.34s           2022-02-17T10:53:23
================================================================================
[2022-02-17 11:53:54,919] {manager.py:1065} INFO - Finding 'running' jobs without a recent heartbeat
[2022-02-17 11:53:54,919] {manager.py:1069} INFO - Failing jobs without heartbeat after 2022-02-17 10:48:54.919831+00:00
[2022-02-17 11:54:04,274] {manager.py:495} INFO - Exiting gracefully upon receiving signal 15
